2023-02-11 20:02:28,866 INFO o.a.j.u.JMeterUtils: Setting Locale to en_EN
2023-02-11 20:02:28,902 INFO o.a.j.JMeter: Loading user properties from: user.properties
2023-02-11 20:02:28,903 INFO o.a.j.JMeter: Loading system properties from: system.properties
2023-02-11 20:02:28,916 INFO o.a.j.JMeter: Copyright (c) 1998-2022 The Apache Software Foundation
2023-02-11 20:02:28,916 INFO o.a.j.JMeter: Version 5.5
2023-02-11 20:02:28,916 INFO o.a.j.JMeter: java.version=17.0.6
2023-02-11 20:02:28,916 INFO o.a.j.JMeter: java.vm.name=Java HotSpot(TM) 64-Bit Server VM
2023-02-11 20:02:28,916 INFO o.a.j.JMeter: os.name=Mac OS X
2023-02-11 20:02:28,917 INFO o.a.j.JMeter: os.arch=x86_64
2023-02-11 20:02:28,917 INFO o.a.j.JMeter: os.version=10.12.6
2023-02-11 20:02:28,917 INFO o.a.j.JMeter: file.encoding=UTF-8
2023-02-11 20:02:28,917 INFO o.a.j.JMeter: java.awt.headless=null
2023-02-11 20:02:28,917 INFO o.a.j.JMeter: Max memory     =1073741824
2023-02-11 20:02:28,917 INFO o.a.j.JMeter: Available Processors =4
2023-02-11 20:02:28,933 INFO o.a.j.JMeter: Default Locale=English (EN)
2023-02-11 20:02:28,934 INFO o.a.j.JMeter: JMeter  Locale=English (EN)
2023-02-11 20:02:28,934 INFO o.a.j.JMeter: JMeterHome=/Users/macair/Documents/gitHub/jmeter/apache-jmeter-5.5
2023-02-11 20:02:28,934 INFO o.a.j.JMeter: user.dir  =/Users/macair/Documents/gitHub/jmeter/apache-jmeter-5.5/bin
2023-02-11 20:02:28,934 INFO o.a.j.JMeter: PWD       =/Users/macair/Documents/gitHub/jmeter/apache-jmeter-5.5/bin
2023-02-11 20:02:28,936 INFO o.a.j.JMeter: IP: 192.168.1.13 Name: Macairs-MacBook-Air.local FullName: 192.168.1.13
2023-02-11 20:02:28,949 INFO o.a.j.JMeter: Loaded icon properties from org/apache/jmeter/images/icon.properties
2023-02-11 20:02:29,541 INFO o.a.j.JMeterGuiLauncher: Setting LAF to: com.github.weisj.darklaf.DarkLaf:com.github.weisj.darklaf.theme.DarculaTheme
2023-02-11 20:02:33,151 INFO o.j.r.JARSourceHTTP: Found cached repo
2023-02-11 20:02:33,446 INFO o.j.r.PluginManager: Plugins Status: [jpgc-casutg=2.10, jpgc-dummy=0.4, jpgc-plugins-manager=1.8, jmeter-core=5.5, jmeter-ftp=5.5, jmeter-http=5.5, jmeter-jdbc=5.5, jmeter-jms=5.5, jmeter-junit=5.5, jmeter-java=5.5, jmeter-ldap=5.5, jmeter-mail=5.5, jmeter-mongodb=5.5, jmeter-native=5.5, jmeter-tcp=5.5, jmeter-components=5.5]
2023-02-11 20:03:40,232 INFO o.a.j.s.FileServer: Default base='/Users/macair/Documents/gitHub/jmeter/apache-jmeter-5.5/bin'
2023-02-11 20:03:40,236 INFO o.a.j.g.a.Load: Loading file: /Users/macair/Documents/gitHub/jmeter/scripts/ZakatFund_Submitv1.jmx
2023-02-11 20:03:40,236 INFO o.a.j.s.FileServer: Set new base='/Users/macair/Documents/gitHub/jmeter/scripts'
2023-02-11 20:03:40,479 INFO o.a.j.s.SaveService: Testplan (JMX) version: 2.2. Testlog (JTL) version: 2.2
2023-02-11 20:03:40,490 INFO o.a.j.s.SaveService: Using SaveService properties version 5.0
2023-02-11 20:03:40,492 INFO o.a.j.s.SaveService: Using SaveService properties file encoding UTF-8
2023-02-11 20:03:40,495 INFO o.a.j.s.SaveService: Loading file: /Users/macair/Documents/gitHub/jmeter/scripts/ZakatFund_Submitv1.jmx
2023-02-11 20:03:40,697 INFO o.a.j.p.h.s.HTTPSamplerBase: Parser for text/html is org.apache.jmeter.protocol.http.parser.LagartoBasedHtmlParser
2023-02-11 20:03:40,697 INFO o.a.j.p.h.s.HTTPSamplerBase: Parser for application/xhtml+xml is org.apache.jmeter.protocol.http.parser.LagartoBasedHtmlParser
2023-02-11 20:03:40,697 INFO o.a.j.p.h.s.HTTPSamplerBase: Parser for application/xml is org.apache.jmeter.protocol.http.parser.LagartoBasedHtmlParser
2023-02-11 20:03:40,697 INFO o.a.j.p.h.s.HTTPSamplerBase: Parser for text/xml is org.apache.jmeter.protocol.http.parser.LagartoBasedHtmlParser
2023-02-11 20:03:40,697 INFO o.a.j.p.h.s.HTTPSamplerBase: Parser for text/vnd.wap.wml is org.apache.jmeter.protocol.http.parser.RegexpHTMLParser
2023-02-11 20:03:40,697 INFO o.a.j.p.h.s.HTTPSamplerBase: Parser for text/css is org.apache.jmeter.protocol.http.parser.CssParser
2023-02-11 20:03:41,059 INFO o.a.j.s.SampleResult: Note: Sample TimeStamps are START times
2023-02-11 20:03:41,059 INFO o.a.j.s.SampleResult: sampleresult.default.encoding is set to ISO-8859-1
2023-02-11 20:03:41,061 INFO o.a.j.s.SampleResult: sampleresult.useNanoTime=true
2023-02-11 20:03:41,061 INFO o.a.j.s.SampleResult: sampleresult.nanoThreadSleep=5000
2023-02-11 20:03:41,333 INFO o.a.j.v.ViewResultsFullVisualizer: Add JavaFX to your Java installation if you want to use renderer: org.apache.jmeter.visualizers.RenderInBrowser
2023-02-11 20:03:41,478 INFO o.a.j.s.FileServer: Set new base='/Users/macair/Documents/gitHub/jmeter/scripts'
2023-02-11 20:03:47,970 INFO o.a.j.e.StandardJMeterEngine: Running the test!
2023-02-11 20:03:47,972 INFO o.a.j.s.SampleEvent: List of sample_variables: []
2023-02-11 20:03:47,973 INFO o.a.j.s.SampleEvent: List of sample_variables: []
2023-02-11 20:03:47,975 INFO o.a.j.e.u.CompoundVariable: Note: Function class names must contain the string: '.functions.'
2023-02-11 20:03:47,975 INFO o.a.j.e.u.CompoundVariable: Note: Function class names must not contain the string: '.gui.'
2023-02-11 20:03:48,089 INFO o.a.j.g.u.JMeterMenuBar: setRunning(true, *local*)
2023-02-11 20:03:48,148 INFO o.a.j.e.StandardJMeterEngine: Starting ThreadGroup: 1 : ZakatFund_Submit_Scenario1
2023-02-11 20:03:48,149 INFO o.a.j.e.StandardJMeterEngine: Starting 5 threads for group ZakatFund_Submit_Scenario1.
2023-02-11 20:03:48,149 INFO o.a.j.e.StandardJMeterEngine: Thread will continue on error
2023-02-11 20:03:48,149 INFO o.a.j.t.ThreadGroup: Starting thread group... number=1 threads=5 ramp-up=1 delayedStart=false
2023-02-11 20:03:48,156 INFO o.a.j.t.JMeterThread: Thread started: ZakatFund_Submit_Scenario1 1-1
2023-02-11 20:03:48,172 INFO o.a.j.t.ThreadGroup: Started thread group number 1
2023-02-11 20:03:48,173 INFO o.a.j.e.StandardJMeterEngine: All thread groups have been started
2023-02-11 20:03:48,184 INFO o.a.j.p.h.s.HTTPHCAbstractImpl: Local host = Macairs-MacBook-Air.local
2023-02-11 20:03:48,195 INFO o.a.j.p.h.s.HTTPHC4Impl: HTTP request retry count = 0
2023-02-11 20:03:48,354 INFO o.a.j.t.JMeterThread: Thread started: ZakatFund_Submit_Scenario1 1-2
2023-02-11 20:03:48,537 INFO o.a.j.p.h.s.h.LazyLayeredConnectionSocketFactory: Setting up HTTPS TrustAll Socket Factory
2023-02-11 20:03:48,547 INFO o.a.j.u.JsseSSLManager: Using default SSL protocol: TLS
2023-02-11 20:03:48,548 INFO o.a.j.u.JsseSSLManager: SSL session context: per-thread
2023-02-11 20:03:48,565 INFO o.a.j.t.JMeterThread: Thread started: ZakatFund_Submit_Scenario1 1-3
2023-02-11 20:03:48,668 INFO o.a.j.u.SSLManager: JmeterKeyStore Location:  type JKS
2023-02-11 20:03:48,670 INFO o.a.j.u.SSLManager: KeyStore created OK
2023-02-11 20:03:48,670 WARN o.a.j.u.SSLManager: Keystore file not found, loading empty keystore
2023-02-11 20:03:48,753 INFO o.a.j.t.JMeterThread: Thread started: ZakatFund_Submit_Scenario1 1-4
2023-02-11 20:03:48,955 INFO o.a.j.t.JMeterThread: Thread started: ZakatFund_Submit_Scenario1 1-5
2023-02-11 20:03:59,916 INFO o.a.j.g.a.Start: Stopping test
2023-02-11 20:03:59,940 INFO o.a.j.t.JMeterThread: Stopping: ZakatFund_Submit_Scenario1 1-3
2023-02-11 20:03:59,941 INFO o.a.j.t.JMeterThread: Stopping: ZakatFund_Submit_Scenario1 1-4
2023-02-11 20:03:59,941 WARN o.a.j.t.JMeterThread: Interrupting: ZakatFund_Submit_Scenario1 1-4 sampler: ZF_Submit
2023-02-11 20:03:59,943 WARN o.a.j.t.JMeterThread: The delay timer was interrupted - probably did not wait as long as intended.
2023-02-11 20:03:59,943 INFO o.a.j.t.JMeterThread: Thread finished: ZakatFund_Submit_Scenario1 1-3
2023-02-11 20:03:59,949 INFO o.a.j.t.JMeterThread: Stopping: ZakatFund_Submit_Scenario1 1-5
2023-02-11 20:03:59,952 INFO o.a.j.t.JMeterThread: Stopping: ZakatFund_Submit_Scenario1 1-2
2023-02-11 20:03:59,952 WARN o.a.j.t.JMeterThread: Interrupting: ZakatFund_Submit_Scenario1 1-2 sampler: ZF_Submit
2023-02-11 20:03:59,952 WARN o.a.j.t.JMeterThread: The delay timer was interrupted - probably did not wait as long as intended.
2023-02-11 20:03:59,953 INFO o.a.j.t.JMeterThread: Thread finished: ZakatFund_Submit_Scenario1 1-5
2023-02-11 20:03:59,953 INFO o.a.j.t.JMeterThread: Stopping: ZakatFund_Submit_Scenario1 1-1
2023-02-11 20:03:59,954 WARN o.a.j.t.JMeterThread: Interrupting: ZakatFund_Submit_Scenario1 1-1 sampler: ZF_Submit
2023-02-11 20:03:59,956 INFO o.a.j.t.JMeterThread: Thread finished: ZakatFund_Submit_Scenario1 1-2
2023-02-11 20:03:59,956 INFO o.a.j.t.JMeterThread: Thread finished: ZakatFund_Submit_Scenario1 1-4
2023-02-11 20:03:59,961 INFO o.a.j.t.JMeterThread: Thread finished: ZakatFund_Submit_Scenario1 1-1
2023-02-11 20:03:59,961 INFO o.a.j.e.StandardJMeterEngine: Notifying test listeners of end of test
2023-02-11 20:03:59,970 INFO o.a.j.g.u.JMeterMenuBar: setRunning(false, *local*)
2023-02-11 20:18:23,241 INFO o.a.j.v.ViewResultsFullVisualizer: Add JavaFX to your Java installation if you want to use renderer: org.apache.jmeter.visualizers.RenderInBrowser
2023-02-11 20:20:19,731 INFO o.a.j.v.ViewResultsFullVisualizer: Add JavaFX to your Java installation if you want to use renderer: org.apache.jmeter.visualizers.RenderInBrowser
2023-02-11 20:21:15,843 INFO o.a.j.e.StandardJMeterEngine: Running the test!
2023-02-11 20:21:15,844 INFO o.a.j.s.SampleEvent: List of sample_variables: []
2023-02-11 20:21:15,856 INFO o.a.j.g.u.JMeterMenuBar: setRunning(true, *local*)
2023-02-11 20:21:16,061 INFO o.a.j.e.StandardJMeterEngine: Starting ThreadGroup: 1 : Scenario1
2023-02-11 20:21:16,061 INFO o.a.j.e.StandardJMeterEngine: Starting 10 threads for group Scenario1.
2023-02-11 20:21:16,062 INFO o.a.j.e.StandardJMeterEngine: Thread will continue on error
2023-02-11 20:21:16,062 INFO k.a.j.t.AbstractSimpleThreadGroup: Starting thread group number 1 threads 10
2023-02-11 20:21:16,088 INFO k.a.j.t.AbstractSimpleThreadGroup: Started thread group number 1
2023-02-11 20:21:16,088 INFO o.a.j.e.StandardJMeterEngine: All thread groups have been started
2023-02-11 20:21:26,067 INFO o.a.j.t.JMeterThread: Thread started: Scenario1 1-1
2023-02-11 20:21:41,067 INFO o.a.j.t.JMeterThread: Thread started: Scenario1 1-2
2023-02-11 20:21:45,724 INFO o.a.j.g.a.Start: Stopping test
2023-02-11 20:21:45,743 INFO o.a.j.t.JMeterThread: Stopping: Scenario1 1-8
2023-02-11 20:21:45,744 INFO o.a.j.t.JMeterThread: Stopping: Scenario1 1-3
2023-02-11 20:21:45,744 INFO o.a.j.t.JMeterThread: Stopping: Scenario1 1-5
2023-02-11 20:21:45,744 INFO o.a.j.t.JMeterThread: Stopping: Scenario1 1-10
2023-02-11 20:21:45,744 INFO o.a.j.t.JMeterThread: Stopping: Scenario1 1-9
2023-02-11 20:21:45,744 INFO o.a.j.t.JMeterThread: Thread started: Scenario1 1-8
2023-02-11 20:21:45,744 INFO o.a.j.t.JMeterThread: Thread started: Scenario1 1-10
2023-02-11 20:21:45,745 INFO o.a.j.t.JMeterThread: Thread finished: Scenario1 1-8
2023-02-11 20:21:45,745 INFO o.a.j.t.JMeterThread: Thread started: Scenario1 1-9
2023-02-11 20:21:45,745 INFO o.a.j.t.JMeterThread: Thread finished: Scenario1 1-10
2023-02-11 20:21:45,744 INFO o.a.j.t.JMeterThread: Stopping: Scenario1 1-6
2023-02-11 20:21:45,745 INFO o.a.j.t.JMeterThread: Stopping: Scenario1 1-1
2023-02-11 20:21:45,744 INFO o.a.j.t.JMeterThread: Thread started: Scenario1 1-5
2023-02-11 20:21:45,746 INFO o.a.j.t.JMeterThread: Stopping: Scenario1 1-4
2023-02-11 20:21:45,746 INFO o.a.j.t.JMeterThread: Thread started: Scenario1 1-6
2023-02-11 20:21:45,746 WARN o.a.j.t.JMeterThread: The delay timer was interrupted - probably did not wait as long as intended.
2023-02-11 20:21:45,746 INFO o.a.j.t.JMeterThread: Thread finished: Scenario1 1-5
2023-02-11 20:21:45,745 INFO o.a.j.t.JMeterThread: Thread started: Scenario1 1-3
2023-02-11 20:21:45,746 INFO o.a.j.t.JMeterThread: Thread finished: Scenario1 1-6
2023-02-11 20:21:45,746 INFO o.a.j.t.JMeterThread: Thread finished: Scenario1 1-1
2023-02-11 20:21:45,746 INFO o.a.j.t.JMeterThread: Stopping: Scenario1 1-2
2023-02-11 20:21:45,746 INFO o.a.j.t.JMeterThread: Thread finished: Scenario1 1-3
2023-02-11 20:21:45,746 INFO o.a.j.t.JMeterThread: Stopping: Scenario1 1-7
2023-02-11 20:21:45,745 INFO o.a.j.t.JMeterThread: Thread finished: Scenario1 1-9
2023-02-11 20:21:45,747 WARN o.a.j.t.JMeterThread: The delay timer was interrupted - probably did not wait as long as intended.
2023-02-11 20:21:45,747 INFO o.a.j.t.JMeterThread: Thread started: Scenario1 1-4
2023-02-11 20:21:45,747 INFO o.a.j.t.JMeterThread: Thread finished: Scenario1 1-2
2023-02-11 20:21:45,747 INFO o.a.j.t.JMeterThread: Thread finished: Scenario1 1-4
2023-02-11 20:21:45,747 INFO o.a.j.t.JMeterThread: Thread started: Scenario1 1-7
2023-02-11 20:21:45,748 INFO o.a.j.t.JMeterThread: Thread finished: Scenario1 1-7
2023-02-11 20:21:45,748 INFO o.a.j.e.StandardJMeterEngine: Notifying test listeners of end of test
2023-02-11 20:21:45,756 INFO o.a.j.g.u.JMeterMenuBar: setRunning(false, *local*)
2023-02-11 20:22:09,392 INFO o.a.j.e.StandardJMeterEngine: Running the test!
2023-02-11 20:22:09,393 INFO o.a.j.s.SampleEvent: List of sample_variables: []
2023-02-11 20:22:09,403 INFO o.a.j.g.u.JMeterMenuBar: setRunning(true, *local*)
2023-02-11 20:22:09,507 INFO o.a.j.e.StandardJMeterEngine: Starting ThreadGroup: 1 : Scenario1
2023-02-11 20:22:09,507 INFO o.a.j.e.StandardJMeterEngine: Starting 10 threads for group Scenario1.
2023-02-11 20:22:09,507 INFO o.a.j.e.StandardJMeterEngine: Thread will continue on error
2023-02-11 20:22:09,508 INFO k.a.j.t.AbstractSimpleThreadGroup: Starting thread group number 1 threads 10
2023-02-11 20:22:09,521 INFO k.a.j.t.AbstractSimpleThreadGroup: Started thread group number 1
2023-02-11 20:22:09,521 INFO o.a.j.e.StandardJMeterEngine: All thread groups have been started
2023-02-11 20:22:19,510 INFO o.a.j.t.JMeterThread: Thread started: Scenario1 1-1
2023-02-11 20:22:34,510 INFO o.a.j.t.JMeterThread: Thread started: Scenario1 1-2
2023-02-11 20:22:49,510 INFO o.a.j.t.JMeterThread: Thread started: Scenario1 1-3
2023-02-11 20:23:04,511 INFO o.a.j.t.JMeterThread: Thread started: Scenario1 1-4
2023-02-11 20:23:19,513 INFO o.a.j.t.JMeterThread: Thread started: Scenario1 1-5
2023-02-11 20:23:34,509 INFO o.a.j.t.JMeterThread: Thread started: Scenario1 1-6
2023-02-11 20:23:49,514 INFO o.a.j.t.JMeterThread: Thread started: Scenario1 1-7
2023-02-11 20:24:04,513 INFO o.a.j.t.JMeterThread: Thread started: Scenario1 1-8
2023-02-11 20:24:19,514 INFO o.a.j.t.JMeterThread: Thread started: Scenario1 1-9
2023-02-11 20:24:34,510 INFO o.a.j.t.JMeterThread: Thread started: Scenario1 1-10
2023-02-11 20:25:38,733 INFO o.a.j.t.JMeterThread: Thread finished: Scenario1 1-4
2023-02-11 20:25:38,805 INFO o.a.j.t.JMeterThread: Thread finished: Scenario1 1-9
2023-02-11 20:25:38,911 INFO o.a.j.t.JMeterThread: Thread finished: Scenario1 1-5
2023-02-11 20:25:38,979 INFO o.a.j.t.JMeterThread: Thread finished: Scenario1 1-2
2023-02-11 20:25:39,501 INFO o.a.j.t.JMeterThread: Thread finished: Scenario1 1-1
2023-02-11 20:25:39,518 INFO o.a.j.t.JMeterThread: Stopping because end time detected by thread: Scenario1 1-3
2023-02-11 20:25:39,518 INFO o.a.j.t.JMeterThread: Thread finished: Scenario1 1-3
2023-02-11 20:25:39,819 INFO o.a.j.t.JMeterThread: Thread finished: Scenario1 1-6
2023-02-11 20:25:39,832 INFO o.a.j.t.JMeterThread: Thread finished: Scenario1 1-7
2023-02-11 20:25:40,256 INFO o.a.j.t.JMeterThread: Thread finished: Scenario1 1-10
2023-02-11 20:25:41,282 INFO o.a.j.t.JMeterThread: Stopping because end time detected by thread: Scenario1 1-8
2023-02-11 20:25:41,282 INFO o.a.j.t.JMeterThread: Thread finished: Scenario1 1-8
2023-02-11 20:25:41,283 INFO o.a.j.e.StandardJMeterEngine: Notifying test listeners of end of test
2023-02-11 20:25:41,294 INFO o.a.j.g.u.JMeterMenuBar: setRunning(false, *local*)
